<?xml version="1.0" encoding="UTF-8"?>
<testng-results total="1" passed="1" failed="0" skipped="0">
  <reporter-output>
  </reporter-output>
  <suite started-at="2021-04-16T08:24:39Z" name="Suite" finished-at="2021-04-16T08:24:45Z" duration-ms="6127">
    <groups>
    </groups>
    <test started-at="2021-04-16T08:24:39Z" name="Test" finished-at="2021-04-16T08:24:45Z" duration-ms="6127">
      <class name="SoapPck.SoapClass">
        <test-method signature="Test()[pri:0, instance:SoapPck.SoapClass@67b467e9]" started-at="2021-04-16T13:54:39Z" name="Test" finished-at="2021-04-16T13:54:45Z" duration-ms="6118" status="PASS">
          <reporter-output>
          </reporter-output>
        </test-method> <!-- Test -->
      </class> <!-- SoapPck.SoapClass -->
    </test> <!-- Test -->
  </suite> <!-- Suite -->
</testng-results>
